proguard/seeds.txt
com.websharp.dwtz.R$anim: int push_up_in
com.websharp.dwtz.R$anim: int push_up_out
com.websharp.dwtz.R$anim: int rotate_down
com.websharp.dwtz.R$anim: int rotate_up
com.websharp.dwtz.R$anim: int slide_in_from_bottom
com.websharp.dwtz.R$anim: int slide_in_from_top
com.websharp.dwtz.R$anim: int slide_out_to_bottom
com.websharp.dwtz.R$anim: int slide_out_to_top
com.websharp.dwtz.R$array: int alarm_type
com.websharp.dwtz.R$array: int alarm_type_num
com.websharp.dwtz.R$array: int distribution_apply_breed
com.websharp.dwtz.R$array: int grouplist_spinner
com.websharp.dwtz.R$array: int tag_layout
com.websharp.dwtz.R$array: int title_listview
com.websharp.dwtz.R$array: int video_size
com.websharp.dwtz.R$array: int video_source
com.websharp.dwtz.R$array: int video_type
com.websharp.dwtz.R$attr: int RadioBtnBg
com.websharp.dwtz.R$attr: int RadioBtnGravity
com.websharp.dwtz.R$attr: int RadioBtnHeight
com.websharp.dwtz.R$attr: int RadioBtnPaddingLeft
com.websharp.dwtz.R$attr: int RadioBtnPaddingTop
com.websharp.dwtz.R$attr: int RadioBtnSelectBg
com.websharp.dwtz.R$attr: int RadioBtnWidth
com.websharp.dwtz.R$attr: int SelectState
com.websharp.dwtz.R$attr: int Text
com.websharp.dwtz.R$attr: int TextColor
com.websharp.dwtz.R$attr: int TextPaddingGravity
com.websharp.dwtz.R$attr: int TextPaddingLeft
com.websharp.dwtz.R$attr: int TextPaddingTop
com.websharp.dwtz.R$attr: int TextSelectColor
com.websharp.dwtz.R$attr: int TextSize
com.websharp.dwtz.R$attr: int TextStyle
com.websharp.dwtz.R$attr: int TimeScaleContentWidth
com.websharp.dwtz.R$attr: int TimeScaleDateText
com.websharp.dwtz.R$attr: int TimeScaleLineColor
com.websharp.dwtz.R$attr: int TimeScaleLinePaddingBottom
com.websharp.dwtz.R$attr: int TimeScaleLinePaddingLeft
com.websharp.dwtz.R$attr: int TimeScaleLinePaddingRight
com.websharp.dwtz.R$attr: int TimeScaleLinePaddingTop
com.websharp.dwtz.R$attr: int TimeScaleLineWidth
com.websharp.dwtz.R$attr: int TimeScaleTextColor
com.websharp.dwtz.R$attr: int TimeScaleTextPaddingTop
com.websharp.dwtz.R$attr: int TimeScaleTextSize
com.websharp.dwtz.R$attr: int TimeScaleTextStyle
com.websharp.dwtz.R$attr: int TimeScaleTimeText
com.websharp.dwtz.R$attr: int TimeScaleUnitMarkColor
com.websharp.dwtz.R$color: int background_blue
com.websharp.dwtz.R$color: int background_blue_dark
com.websharp.dwtz.R$color: int background_blue_light
com.websharp.dwtz.R$color: int background_gray
com.websharp.dwtz.R$color: int background_gray_dark
com.websharp.dwtz.R$color: int background_gray_light
com.websharp.dwtz.R$color: int background_light
com.websharp.dwtz.R$color: int background_red
com.websharp.dwtz.R$color: int background_red_dark
com.websharp.dwtz.R$color: int black
com.websharp.dwtz.R$color: int black_gray
com.websharp.dwtz.R$color: int black_text
com.websharp.dwtz.R$color: int black_txt
com.websharp.dwtz.R$color: int blue
com.websharp.dwtz.R$color: int cameralist_gray
com.websharp.dwtz.R$color: int color_b7b8bc
com.websharp.dwtz.R$color: int color_bg_btn_press_down
com.websharp.dwtz.R$color: int color_bg_common
com.websharp.dwtz.R$color: int color_bg_device_info
com.websharp.dwtz.R$color: int color_bg_main_control_bar
com.websharp.dwtz.R$color: int color_bg_order_list
com.websharp.dwtz.R$color: int color_bg_title_bar
com.websharp.dwtz.R$color: int color_border
com.websharp.dwtz.R$color: int color_border_device_info
com.websharp.dwtz.R$color: int color_btn_press
com.websharp.dwtz.R$color: int color_frame_app_border
com.websharp.dwtz.R$color: int color_layout_press_down
com.websharp.dwtz.R$color: int color_system
com.websharp.dwtz.R$color: int d1d1d1
com.websharp.dwtz.R$color: int divider_gray
...
com.handmark.pulltorefresh.library.PullToRefreshAdapterViewBase: PullToRefreshAdapterViewBase(android.content.Context)
com.handmark.pulltorefresh.library.PullToRefreshAdapterViewBase: PullToRefreshAdapterViewBase(android.content.Context,android.util.AttributeSet)
com.handmark.pulltorefresh.library.PullToRefreshAdapterViewBase: PullToRefreshAdapterViewBase(android.content.Context,com.handmark.pulltorefresh.library.PullToRefreshBase$Mode)
com.handmark.pulltorefresh.library.PullToRefreshAdapterViewBase: PullToRefreshAdapterViewBase(android.content.Context,com.handmark.pulltorefresh.library.PullToRefreshBase$Mode,com.handmark.pulltorefresh.library.PullToRefreshBase$AnimationStyle)
com.handmark.pulltorefresh.library.PullToRefreshAdapterViewBase: boolean getShowIndicator()
com.handmark.pulltorefresh.library.PullToRefreshAdapterViewBase: void setAdapter(android.widget.ListAdapter)
com.handmark.pulltorefresh.library.PullToRefreshAdapterViewBase: void setEmptyView(android.view.View)
com.handmark.pulltorefresh.library.PullToRefreshAdapterViewBase: void setOnItemClickListener(android.widget.AdapterView$OnItemClickListener)
com.handmark.pulltorefresh.library.PullToRefreshAdapterViewBase: void setOnLastItemVisibleListener(com.handmark.pulltorefresh.library.PullToRefreshBase$OnLastItemVisibleListener)
com.handmark.pulltorefresh.library.PullToRefreshAdapterViewBase: void setOnScrollListener(android.widget.AbsListView$OnScrollListener)
com.handmark.pulltorefresh.library.PullToRefreshBase: PullToRefreshBase(android.content.Context)
com.handmark.pulltorefresh.library.PullToRefreshBase: PullToRefreshBase(android.content.Context,android.util.AttributeSet)
com.handmark.pulltorefresh.library.PullToRefreshBase: PullToRefreshBase(android.content.Context,com.handmark.pulltorefresh.library.PullToRefreshBase$Mode)
com.handmark.pulltorefresh.library.PullToRefreshBase: PullToRefreshBase(android.content.Context,com.handmark.pulltorefresh.library.PullToRefreshBase$Mode,com.handmark.pulltorefresh.library.PullToRefreshBase$AnimationStyle)
com.handmark.pulltorefresh.library.PullToRefreshBase: com.handmark.pulltorefresh.library.PullToRefreshBase$Mode getCurrentMode()
com.handmark.pulltorefresh.library.PullToRefreshBase: boolean getFilterTouchEvents()
com.handmark.pulltorefresh.library.PullToRefreshBase: com.handmark.pulltorefresh.library.ILoadingLayout getLoadingLayoutProxy()
com.handmark.pulltorefresh.library.PullToRefreshBase: com.handmark.pulltorefresh.library.PullToRefreshBase$Mode getMode()
com.handmark.pulltorefresh.library.PullToRefreshBase: android.view.View getRefreshableView()
com.handmark.pulltorefresh.library.PullToRefreshBase: boolean getShowViewWhileRefreshing()
com.handmark.pulltorefresh.library.PullToRefreshBase: com.handmark.pulltorefresh.library.PullToRefreshBase$State getState()
com.handmark.pulltorefresh.library.PullToRefreshBase: void setScrollingWhileRefreshingEnabled(boolean)
com.handmark.pulltorefresh.library.PullToRefreshBase$AnimationStyle: com.handmark.pulltorefresh.library.PullToRefreshBase$AnimationStyle[] values()
com.handmark.pulltorefresh.library.PullToRefreshBase$AnimationStyle: com.handmark.pulltorefresh.library.PullToRefreshBase$AnimationStyle valueOf(java.lang.String)
com.handmark.pulltorefresh.library.PullToRefreshBase$Mode: com.handmark.pulltorefresh.library.PullToRefreshBase$Mode[] values()
com.handmark.pulltorefresh.library.PullToRefreshBase$Mode: com.handmark.pulltorefresh.library.PullToRefreshBase$Mode valueOf(java.lang.String)
com.handmark.pulltorefresh.library.PullToRefreshBase$Orientation: com.handmark.pulltorefresh.library.PullToRefreshBase$Orientation[] values()
com.handmark.pulltorefresh.library.PullToRefreshBase$Orientation: com.handmark.pulltorefresh.library.PullToRefreshBase$Orientation valueOf(java.lang.String)