proguard/mapping.txt
com.websharp.dwtz.activity.BaseActivity -> com.websharp.dwtz.activity.a:
    void onCreate(android.os.Bundle) -> onCreate
    void initLayout() -> a
    void init() -> b
    void bindData() -> c
    java.lang.String getText(android.widget.EditText) -> a
    java.lang.String getText(android.widget.TextView) -> a
    void setLockPatternEnabled(boolean) -> a
    void setBoolean(java.lang.String,boolean) -> a
    void onDestroy() -> onDestroy
    void onPause() -> onPause
    void onStop() -> onStop
    void onResume() -> onResume
    boolean onKeyDown(int,android.view.KeyEvent) -> onKeyDown
    void initParam() -> d
    void showDialogListView(java.util.ArrayList,android.widget.EditText) -> a
com.websharp.dwtz.activity.BaseActivity$1 -> com.websharp.dwtz.activity.b:
    com.websharp.dwtz.activity.BaseActivity this$0 -> a
    android.widget.EditText val$et -> b
    java.util.ArrayList val$list -> c
    void onClick(android.content.DialogInterface,int) -> onClick
com.websharp.dwtz.activity.apply.ActivityAddDsitributionChangeApply -> com.websharp.dwtz.activity.apply.ActivityAddDsitributionChangeApply:
    android.widget.LinearLayout layout_back -> a
    android.widget.TextView tv_title -> b
    android.widget.Button btn_submit -> c
    android.widget.Button btn_clear -> d
    android.widget.TextView tv_DeliveryNum -> e
    android.widget.Spinner sp_breed -> f
    android.widget.EditText et_old_qc_no -> g
    android.widget.EditText et_distribution_target_address -> h
    android.widget.EditText et_distribution_count -> i
    android.widget.EditText et_distribution_company_name -> j
    java.lang.String breed -> k
    java.lang.String[] arrBreed -> l
    android.widget.ArrayAdapter adapterBreed -> m
    android.widget.ImageView iv_spinner_distribution_company_name -> n
    java.util.ArrayList listCompanyName -> o
    android.widget.TextView tv_add_detail -> p
    java.util.ArrayList listDetail -> q
    android.widget.TextView tv_LsNo -> r
    android.widget.LinearLayout layout_detail -> s
    android.widget.ImageView iv_camera -> t
    java.lang.String jsonImg -> u
    android.content.BroadcastReceiver receiver -> v
    com.websharp.dwtz.http.AsyncHttpCallBack cb -> w
    com.websharp.dwtz.http.AsyncHttpCallBack cbGetLsNo -> x
    void onClick(android.view.View) -> onClick
    void onDestroy() -> onDestroy
    void initLayout() -> a
    void init() -> b
    void bindData() -> c
    void bindDetail() -> e
com.websharp.dwtz.activity.apply.ActivityAddDsitributionChangeApply$1 -> com.websharp.dwtz.activity.apply.a:
    com.websharp.dwtz.activity.apply.ActivityAddDsitributionChangeApply this$0 -> a
    void onReceive(android.content.Context,android.content.Intent) -> onReceive
com.websharp.dwtz.activity.apply.ActivityAddDsitributionChangeApply$2 -> com.websharp.dwtz.activity.apply.b:
    com.websharp.dwtz.activity.apply.ActivityAddDsitributionChangeApply this$0 -> a
    void onSuccess(java.lang.String) -> a
    void onFailure(java.lang.String) -> b
com.websharp.dwtz.activity.apply.ActivityAddDsitributionChangeApply$3 -> com.websharp.dwtz.activity.apply.c:
    com.websharp.dwtz.activity.apply.ActivityAddDsitributionChangeApply this$0 -> a
    void onSuccess(java.lang.String) -> a
    void onFailure(java.lang.String) -> b
com.websharp.dwtz.activity.apply.ActivityAddDsitributionChangeApply$4 -> com.websharp.dwtz.activity.apply.d:
    com.websharp.dwtz.activity.apply.ActivityAddDsitributionChangeApply this$0 -> a
    void onClick(android.content.DialogInterface,int) -> onClick
com.websharp.dwtz.activity.apply.ActivityAddDsitributionChangeApply$5 -> com.websharp.dwtz.activity.apply.e:
    com.websharp.dwtz.activity.apply.ActivityAddDsitributionChangeApply this$0 -> a
    void onClick(android.content.DialogInterface,int) -> onClick
...
com.dh.view.PullDownListView$FlingRunnable -> com.dh.view.g:
    int mLastFlingY -> b
    android.widget.Scroller mScroller -> c
    com.dh.view.PullDownListView this$0 -> a
    void startCommon() -> a
    void run() -> run
    void startUsingDistance(int,int) -> a
com.dh.view.PullDownListView$OnRefreshListioner -> com.dh.view.h:
    void onRefresh() -> a
    void onLoadMore() -> b
com.google.gson.DefaultDateTypeAdapter -> com.a.a.a:
    java.text.DateFormat enUsFormat -> a
    java.text.DateFormat localFormat -> b
    java.text.DateFormat iso8601Format -> c
    com.google.gson.JsonElement serialize(java.util.Date,java.lang.reflect.Type,com.google.gson.JsonSerializationContext) -> a
    java.util.Date deserialize(com.google.gson.JsonElement,java.lang.reflect.Type,com.google.gson.JsonDeserializationContext) -> a
    java.util.Date deserializeToDate(com.google.gson.JsonElement) -> a
    java.lang.String toString() -> toString
    com.google.gson.JsonElement serialize(java.lang.Object,java.lang.reflect.Type,com.google.gson.JsonSerializationContext) -> a
    java.lang.Object deserialize(com.google.gson.JsonElement,java.lang.reflect.Type,com.google.gson.JsonDeserializationContext) -> b
com.google.gson.ExclusionStrategy -> com.a.a.b:
    boolean shouldSkipField(com.google.gson.FieldAttributes) -> a
    boolean shouldSkipClass(java.lang.Class) -> a
com.google.gson.FieldAttributes -> com.a.a.c:
    java.lang.reflect.Field field -> a
com.google.gson.FieldNamingPolicy -> com.a.a.d:
    com.google.gson.FieldNamingPolicy IDENTITY -> a
    com.google.gson.FieldNamingPolicy UPPER_CAMEL_CASE -> b
    com.google.gson.FieldNamingPolicy UPPER_CAMEL_CASE_WITH_SPACES -> c
    com.google.gson.FieldNamingPolicy LOWER_CASE_WITH_UNDERSCORES -> d
    com.google.gson.FieldNamingPolicy LOWER_CASE_WITH_DASHES -> e
    com.google.gson.FieldNamingPolicy[] $VALUES -> f
    com.google.gson.FieldNamingPolicy[] values() -> values
    com.google.gson.FieldNamingPolicy valueOf(java.lang.String) -> valueOf
    java.lang.String separateCamelCase(java.lang.String,java.lang.String) -> b
    java.lang.String upperCaseFirstLetter(java.lang.String) -> b
    java.lang.String modifyString(char,java.lang.String,int) -> a
    java.lang.String access$100(java.lang.String) -> a
    java.lang.String access$200(java.lang.String,java.lang.String) -> a
com.google.gson.FieldNamingPolicy$1 -> com.a.a.e:
    java.lang.String translateName(java.lang.reflect.Field) -> a
com.google.gson.FieldNamingPolicy$2 -> com.a.a.f:
    java.lang.String translateName(java.lang.reflect.Field) -> a
com.google.gson.FieldNamingPolicy$3 -> com.a.a.g:
    java.lang.String translateName(java.lang.reflect.Field) -> a
com.google.gson.FieldNamingPolicy$4 -> com.a.a.h:
    java.lang.String translateName(java.lang.reflect.Field) -> a
com.google.gson.FieldNamingPolicy$5 -> com.a.a.i:
    java.lang.String translateName(java.lang.reflect.Field) -> a
com.google.gson.FieldNamingStrategy -> com.a.a.j:
    java.lang.String translateName(java.lang.reflect.Field) -> a