proguard/usage.txt
com.websharp.dwtz.BuildConfig
com.websharp.dwtz.R
com.websharp.dwtz.R$anim
com.websharp.dwtz.R$array
com.websharp.dwtz.R$attr
com.websharp.dwtz.R$color
com.websharp.dwtz.R$dimen
com.websharp.dwtz.R$drawable
com.websharp.dwtz.R$id
com.websharp.dwtz.R$layout
com.websharp.dwtz.R$menu
com.websharp.dwtz.R$string
com.websharp.dwtz.R$style
com.websharp.dwtz.R$styleable
com.websharp.dwtz.activity.BaseActivity:
    120:120:public boolean isEmpty(android.widget.EditText)
    173:176:public void collapseSoftInputMethod(android.widget.EditText)
    182:184:public void showSoftInputMethod(android.widget.EditText)
    188:196:public boolean isExistShortCut()
    203:213:public void createShortcut()
    219:229:public void delShortcut()
com.websharp.dwtz.activity.pic.ActivityPicSend:
    android.content.SharedPreferences sharedPreferences
    public java.lang.String innerID
    public java.lang.String districtID
    java.lang.String str
    143:166:public void uploadPics(android.content.Context)
com.websharp.dwtz.activity.pic.ActivityPicSend$1
com.websharp.dwtz.activity.user.ActivityLogin:
    private android.widget.TextView tv_regist
com.websharp.dwtz.activity.web.ActivityWebview:
    72:72:static synthetic java.lang.String access$1(com.websharp.dwtz.activity.web.ActivityWebview)
com.websharp.dwtz.activity.web.ActivityWebview$WebAppInterface:
    177:209:public void OpenResource(java.lang.String)
    213:229:public void OpenUrl(java.lang.String)
com.websharp.dwtz.dao.DaoMaster:
    public static final int SCHEMA_VERSION
    88:100:public DaoMaster(android.database.sqlite.SQLiteDatabase)
    103:103:public com.websharp.dwtz.dao.DaoSession newSession()
    107:107:public com.websharp.dwtz.dao.DaoSession newSession(de.greenrobot.dao.identityscope.IdentityScopeType)
    1:1:public bridge synthetic de.greenrobot.dao.AbstractDaoSession newSession(de.greenrobot.dao.identityscope.IdentityScopeType)
    1:1:public bridge synthetic de.greenrobot.dao.AbstractDaoSession newSession()
com.websharp.dwtz.dao.DaoMaster$DevOpenHelper:
    76:77:public DaoMaster$DevOpenHelper(android.content.Context,java.lang.String,android.database.sqlite.SQLiteDatabase$CursorFactory)
com.websharp.dwtz.dao.DaoMaster$OpenHelper:
    63:64:public DaoMaster$OpenHelper(android.content.Context,java.lang.String,android.database.sqlite.SQLiteDatabase$CursorFactory)
com.websharp.dwtz.dao.DaoSession:
    private final de.greenrobot.dao.internal.DaoConfig entityUserDaoConfig
    private final de.greenrobot.dao.internal.DaoConfig entityQuarantineDaoConfig
    private final de.greenrobot.dao.internal.DaoConfig entityUnqualiedDaoConfig
    private final de.greenrobot.dao.internal.DaoConfig entityArticleDaoConfig
    private final de.greenrobot.dao.internal.DaoConfig entityButcheryGroupDaoConfig
    private final de.greenrobot.dao.internal.DaoConfig entityButcheryDaoConfig
    private final de.greenrobot.dao.internal.DaoConfig entityDestroyDaoConfig
    private final de.greenrobot.dao.internal.DaoConfig entityVersionDaoConfig
    private final de.greenrobot.dao.internal.DaoConfig entityCommonDataDaoConfig
    private final de.greenrobot.dao.internal.DaoConfig entityDistributionApplyDaoConfig
    private final de.greenrobot.dao.internal.DaoConfig entityDistributionApplyTargetDaoConfig
    private final com.websharp.dwtz.dao.EntityUserDao entityUserDao
    private final com.websharp.dwtz.dao.EntityQuarantineDao entityQuarantineDao
    private final com.websharp.dwtz.dao.EntityUnqualiedDao entityUnqualiedDao
    private final com.websharp.dwtz.dao.EntityArticleDao entityArticleDao
    private final com.websharp.dwtz.dao.EntityButcheryGroupDao entityButcheryGroupDao
    private final com.websharp.dwtz.dao.EntityButcheryDao entityButcheryDao
    private final com.websharp.dwtz.dao.EntityDestroyDao entityDestroyDao
...
android.support.v4.widget.DrawerLayout$SimpleDrawerListener
android.support.v4.widget.DrawerLayout$ViewDragCallback
android.support.v4.widget.DrawerLayout$ViewDragCallback$1
android.support.v4.widget.EdgeEffectCompat:
    204:204:public boolean onAbsorb(int)
android.support.v4.widget.EdgeEffectCompat$BaseEdgeEffectImpl:
    82:82:public boolean onAbsorb(java.lang.Object,int)
android.support.v4.widget.EdgeEffectCompat$EdgeEffectIcsImpl:
    116:116:public boolean onAbsorb(java.lang.Object,int)
android.support.v4.widget.EdgeEffectCompat$EdgeEffectImpl:
    public abstract boolean onAbsorb(java.lang.Object,int)
android.support.v4.widget.EdgeEffectCompatIcs:
    28:28:EdgeEffectCompatIcs()
    57:58:public static boolean onAbsorb(java.lang.Object,int)
android.support.v4.widget.ExploreByTouchHelper
android.support.v4.widget.ExploreByTouchHelper$1
android.support.v4.widget.ExploreByTouchHelper$ExploreByTouchNodeProvider
android.support.v4.widget.ListPopupWindowCompat
android.support.v4.widget.ListPopupWindowCompat$BaseListPopupWindowImpl
android.support.v4.widget.ListPopupWindowCompat$KitKatListPopupWindowImpl
android.support.v4.widget.ListPopupWindowCompat$ListPopupWindowImpl
android.support.v4.widget.ListPopupWindowCompatKitKat
android.support.v4.widget.ListViewAutoScrollHelper
android.support.v4.widget.PopupMenuCompat
android.support.v4.widget.PopupMenuCompat$BasePopupMenuImpl
android.support.v4.widget.PopupMenuCompat$KitKatPopupMenuImpl
android.support.v4.widget.PopupMenuCompat$PopupMenuImpl
android.support.v4.widget.PopupMenuCompatKitKat
android.support.v4.widget.ResourceCursorAdapter
android.support.v4.widget.ScrollerCompat
android.support.v4.widget.ScrollerCompat$ScrollerCompatImpl
android.support.v4.widget.ScrollerCompat$ScrollerCompatImplBase
android.support.v4.widget.ScrollerCompat$ScrollerCompatImplGingerbread
android.support.v4.widget.ScrollerCompat$ScrollerCompatImplIcs
android.support.v4.widget.ScrollerCompatGingerbread
android.support.v4.widget.ScrollerCompatIcs
android.support.v4.widget.SearchViewCompat
android.support.v4.widget.SearchViewCompat$OnCloseListenerCompat
android.support.v4.widget.SearchViewCompat$OnQueryTextListenerCompat
android.support.v4.widget.SearchViewCompat$SearchViewCompatHoneycombImpl
android.support.v4.widget.SearchViewCompat$SearchViewCompatHoneycombImpl$1
android.support.v4.widget.SearchViewCompat$SearchViewCompatHoneycombImpl$2
android.support.v4.widget.SearchViewCompat$SearchViewCompatIcsImpl
android.support.v4.widget.SearchViewCompat$SearchViewCompatImpl
android.support.v4.widget.SearchViewCompat$SearchViewCompatStubImpl
android.support.v4.widget.SearchViewCompatHoneycomb
android.support.v4.widget.SearchViewCompatHoneycomb$1
android.support.v4.widget.SearchViewCompatHoneycomb$2
android.support.v4.widget.SearchViewCompatHoneycomb$OnCloseListenerCompatBridge
android.support.v4.widget.SearchViewCompatHoneycomb$OnQueryTextListenerCompatBridge
android.support.v4.widget.SearchViewCompatIcs
android.support.v4.widget.SearchViewCompatIcs$MySearchView
android.support.v4.widget.SimpleCursorAdapter
android.support.v4.widget.SimpleCursorAdapter$CursorToStringConverter
android.support.v4.widget.SimpleCursorAdapter$ViewBinder
android.support.v4.widget.SlidingPaneLayout
android.support.v4.widget.SlidingPaneLayout$1
android.support.v4.widget.SlidingPaneLayout$AccessibilityDelegate
android.support.v4.widget.SlidingPaneLayout$DisableLayerRunnable
android.support.v4.widget.SlidingPaneLayout$DragHelperCallback
android.support.v4.widget.SlidingPaneLayout$LayoutParams
android.support.v4.widget.SlidingPaneLayout$PanelSlideListener
android.support.v4.widget.SlidingPaneLayout$SavedState
android.support.v4.widget.SlidingPaneLayout$SavedState$1
android.support.v4.widget.SlidingPaneLayout$SimplePanelSlideListener
android.support.v4.widget.SlidingPaneLayout$SlidingPanelLayoutImpl
android.support.v4.widget.SlidingPaneLayout$SlidingPanelLayoutImplBase